2022-10-01 16:14:26 INFO     {'cuda': True, 'batch_size': 512, 'num_ent': 7128, 'num_rel': 230, 'ent_dim': 100, 'rel_dim': 100, 'time_dim': 20, 'state_dim': 100, 'action_dim': 200, 'mlp_input_dim': 300, 'mlp_hidden_dim': 100, 'path_length': 3, 'max_action_num': 50, 'lambda': 0.0, 'gamma': 0.95, 'ita': 0.01, 'zita': 0.9, 'beam_size': 100, 'entities_embeds_method': 'dynamic', 'rules_path': 'data/ICEWS14/rule1.json', 'weight': 0.1}
2022-10-01 16:14:26 INFO     Namespace(Gamma=0.95, IM=False, Ita=0.01, Lambda=0.0, Zita=0.9, alphas_pkl='dirchlet_alphas.pkl', batch_size=512, beam_size=100, clip_gradient=10.0, cuda=True, data_path='data/ICEWS14', do_test=False, do_train=True, ent_dim=100, entities_embeds_method='dynamic', hidden_dim=100, k=300, load_model_path='logs/checkpoint.pth', lr=0.001, max_action_num=50, max_epochs=101, mu=0.1, num_workers=8, path_length=3, rel_dim=100, reward_shaping=True, save_epoch=30, save_path='logs', state_actions_path='state_actions_space.pkl', state_dim=100, test_batch_size=1, test_inductive=False, time_dim=20, time_span=24, valid_epoch=34, weight=0.1)
2022-10-01 16:14:30 INFO     Load pretrain model: logs/checkpoint.pth
2022-10-01 16:14:30 INFO     Start Training......
2022-10-01 16:15:21 INFO     Epoch 0/101 Loss: 0.0015544915804639459, reward: 0.3737388551235199
2022-10-01 16:16:10 INFO     Epoch 1/101 Loss: 0.0003260518133174628, reward: 0.37132689356803894
2022-10-01 16:17:00 INFO     Epoch 2/101 Loss: 2.704058715607971e-05, reward: 0.37035343050956726
2022-10-01 16:17:50 INFO     Epoch 3/101 Loss: -0.00011433328472776338, reward: 0.3711598217487335
2022-10-01 16:18:40 INFO     Epoch 4/101 Loss: -0.0017381544457748532, reward: 0.3714728057384491
2022-10-01 16:19:31 INFO     Epoch 5/101 Loss: -0.0013384362682700157, reward: 0.37081390619277954
2022-10-01 16:20:22 INFO     Epoch 6/101 Loss: 0.00040326835005544126, reward: 0.36968994140625
2022-10-01 16:21:13 INFO     Epoch 7/101 Loss: -0.0019258683314546943, reward: 0.37058722972869873
2022-10-01 16:22:04 INFO     Epoch 8/101 Loss: -0.0010396536672487855, reward: 0.3702954053878784
2022-10-01 16:22:55 INFO     Epoch 9/101 Loss: -0.0012969195377081633, reward: 0.3706625998020172
2022-10-01 16:23:44 INFO     Epoch 10/101 Loss: -0.000926249020267278, reward: 0.37149712443351746
2022-10-01 16:24:34 INFO     Epoch 11/101 Loss: 0.0009113388950936496, reward: 0.3710625469684601
2022-10-01 16:25:24 INFO     Epoch 12/101 Loss: -0.0009175651939585805, reward: 0.36948907375335693
2022-10-01 16:26:14 INFO     Epoch 13/101 Loss: 0.00017305766232311726, reward: 0.3698192834854126
2022-10-01 16:27:05 INFO     Epoch 14/101 Loss: -0.0007502803346142173, reward: 0.37053152918815613
2022-10-01 16:27:55 INFO     Epoch 15/101 Loss: 0.001175519428215921, reward: 0.3701542317867279
2022-10-01 16:28:45 INFO     Epoch 16/101 Loss: 0.0006448967033065856, reward: 0.3696381449699402
2022-10-01 16:29:36 INFO     Epoch 17/101 Loss: 0.00044320878805592656, reward: 0.3709644675254822
2022-10-01 16:30:25 INFO     Epoch 18/101 Loss: 0.00039277563337236643, reward: 0.37049704790115356
2022-10-01 16:31:17 INFO     Epoch 19/101 Loss: -0.0013717099791392684, reward: 0.36969929933547974
2022-10-01 16:32:07 INFO     Epoch 20/101 Loss: 0.00039261553320102394, reward: 0.3713754713535309
2022-10-01 16:32:58 INFO     Epoch 21/101 Loss: -0.0002951669739559293, reward: 0.36949849128723145
2022-10-01 16:33:49 INFO     Epoch 22/101 Loss: 0.0010320008732378483, reward: 0.36922553181648254
2022-10-01 16:34:39 INFO     Epoch 23/101 Loss: 0.0005992017686367035, reward: 0.36954474449157715
2022-10-01 16:35:30 INFO     Epoch 24/101 Loss: -0.00019913453434128314, reward: 0.3711701035499573
2022-10-01 16:36:20 INFO     Epoch 25/101 Loss: -0.0023906417191028595, reward: 0.37227681279182434
2022-10-01 16:37:12 INFO     Epoch 26/101 Loss: 3.1698858947493136e-05, reward: 0.37047502398490906
2022-10-01 16:38:04 INFO     Epoch 27/101 Loss: 0.00018298403301741928, reward: 0.36961695551872253
2022-10-01 16:38:56 INFO     Epoch 28/101 Loss: -0.000327546673361212, reward: 0.36887961626052856
2022-10-01 16:39:46 INFO     Epoch 29/101 Loss: -0.0005221638130024076, reward: 0.36781832575798035
2022-10-01 16:40:37 INFO     Epoch 30/101 Loss: -0.0018897328991442919, reward: 0.36941301822662354
2022-10-01 16:40:37 INFO     Save Model in logs
2022-10-01 16:41:26 INFO     Epoch 31/101 Loss: -0.0012472431408241391, reward: 0.3673422336578369
2022-10-01 16:42:13 INFO     Epoch 32/101 Loss: -0.00033978011924773455, reward: 0.3692764937877655
2022-10-01 16:43:03 INFO     Epoch 33/101 Loss: -5.792872252641246e-05, reward: 0.3712100088596344
2022-10-01 16:43:52 INFO     Epoch 34/101 Loss: 0.0017816327745094895, reward: 0.37046799063682556
2022-10-01 16:43:52 INFO     Start Val......
2022-10-01 16:49:39 INFO     MRR at epoch 34: 0.413159565810417
2022-10-01 16:49:39 INFO     HITS@1 at epoch 34: 0.32185487954857844
2022-10-01 16:49:39 INFO     HITS@3 at epoch 34: 0.4632858279678796
2022-10-01 16:49:39 INFO     HITS@10 at epoch 34: 0.5820733560008681
2022-10-01 16:50:29 INFO     Epoch 35/101 Loss: 0.00042277202010154724, reward: 0.36862078309059143
2022-10-01 16:51:19 INFO     Epoch 36/101 Loss: -0.0014927259180694818, reward: 0.3699299395084381
2022-10-01 16:52:08 INFO     Epoch 37/101 Loss: -0.002541450085118413, reward: 0.37144216895103455
2022-10-01 16:52:58 INFO     Epoch 38/101 Loss: -0.0012274245964363217, reward: 0.37063977122306824
2022-10-01 16:53:48 INFO     Epoch 39/101 Loss: 0.0004951207665726542, reward: 0.36913061141967773
2022-10-01 16:54:38 INFO     Epoch 40/101 Loss: -0.0007858757162466645, reward: 0.36715638637542725
2022-10-01 16:55:27 INFO     Epoch 41/101 Loss: -0.0007447430398315191, reward: 0.36712646484375
2022-10-01 16:56:17 INFO     Epoch 42/101 Loss: -0.0012309302110224962, reward: 0.3685988187789917
2022-10-01 16:57:07 INFO     Epoch 43/101 Loss: -0.0017196222906932235, reward: 0.3681735694408417
2022-10-01 16:57:56 INFO     Epoch 44/101 Loss: -0.0018039444694295526, reward: 0.3693910539150238
2022-10-01 16:58:46 INFO     Epoch 45/101 Loss: 7.330098742386326e-05, reward: 0.36760419607162476
2022-10-01 16:59:36 INFO     Epoch 46/101 Loss: -0.001309946645051241, reward: 0.3683180510997772
2022-10-01 17:00:25 INFO     Epoch 47/101 Loss: -0.0003028600476682186, reward: 0.3672284483909607
2022-10-01 17:01:15 INFO     Epoch 48/101 Loss: -0.002145001431927085, reward: 0.36811089515686035
2022-10-01 17:02:05 INFO     Epoch 49/101 Loss: -0.001135116210207343, reward: 0.3694835603237152
2022-10-01 17:02:55 INFO     Epoch 50/101 Loss: -0.0010529087157920003, reward: 0.3686208128929138
2022-10-01 17:03:44 INFO     Epoch 51/101 Loss: -0.0011181543814018369, reward: 0.3699173927307129
2022-10-01 17:04:34 INFO     Epoch 52/101 Loss: -0.0023131908383220434, reward: 0.36982476711273193
2022-10-01 17:05:23 INFO     Epoch 53/101 Loss: -0.0014765572268515825, reward: 0.3708523213863373
2022-10-01 17:06:11 INFO     Epoch 54/101 Loss: -0.0017013198230415583, reward: 0.37012913823127747
2022-10-01 17:06:57 INFO     Epoch 55/101 Loss: -0.0006607586401514709, reward: 0.371555894613266
2022-10-01 17:07:43 INFO     Epoch 56/101 Loss: 0.0006659867358393967, reward: 0.36979183554649353
2022-10-01 17:08:29 INFO     Epoch 57/101 Loss: -0.0010450975969433784, reward: 0.3711841404438019
2022-10-01 17:09:14 INFO     Epoch 58/101 Loss: 0.0007412052364088595, reward: 0.37085315585136414
2022-10-01 17:10:00 INFO     Epoch 59/101 Loss: -0.00023016725026536733, reward: 0.3710021674633026
2022-10-01 17:10:45 INFO     Epoch 60/101 Loss: -0.0012454113457351923, reward: 0.37076684832572937
2022-10-01 17:10:45 INFO     Save Model in logs
2022-10-01 17:11:31 INFO     Epoch 61/101 Loss: -0.0006030266522429883, reward: 0.37073636054992676
2022-10-01 17:12:16 INFO     Epoch 62/101 Loss: 0.0010347218485549092, reward: 0.37034639716148376
2022-10-01 17:13:01 INFO     Epoch 63/101 Loss: 0.001983006251975894, reward: 0.3692537546157837
2022-10-01 17:13:48 INFO     Epoch 64/101 Loss: 0.0024722369853407145, reward: 0.36952513456344604
2022-10-01 17:14:34 INFO     Epoch 65/101 Loss: 0.001586620812304318, reward: 0.36966556310653687
2022-10-01 17:15:21 INFO     Epoch 66/101 Loss: -0.0005362326046451926, reward: 0.3681807518005371
2022-10-01 17:16:07 INFO     Epoch 67/101 Loss: 0.002615166362375021, reward: 0.3683187961578369
2022-10-01 17:16:53 INFO     Epoch 68/101 Loss: 0.001791919581592083, reward: 0.37022876739501953
2022-10-01 17:16:53 INFO     Start Val......
2022-10-01 17:21:51 INFO     MRR at epoch 68: 0.4106492755659283
2022-10-01 17:21:51 INFO     HITS@1 at epoch 68: 0.3193228676842943
2022-10-01 17:21:51 INFO     HITS@3 at epoch 68: 0.45959632496563696
2022-10-01 17:21:51 INFO     HITS@10 at epoch 68: 0.5786008825869927
2022-10-01 17:22:37 INFO     Epoch 69/101 Loss: 0.0022594488691538572, reward: 0.3705590069293976
2022-10-01 17:23:24 INFO     Epoch 70/101 Loss: 0.0007384506170637906, reward: 0.3701135218143463
2022-10-01 17:24:09 INFO     Epoch 71/101 Loss: 0.0004166272992733866, reward: 0.371493935585022
2022-10-01 17:24:55 INFO     Epoch 72/101 Loss: 0.0016873079584911466, reward: 0.37105077505111694
2022-10-01 17:25:46 INFO     Epoch 73/101 Loss: -0.0013129443395882845, reward: 0.370072603225708
2022-10-01 17:26:36 INFO     Epoch 74/101 Loss: -0.0007598139927722514, reward: 0.3717787265777588
2022-10-01 17:27:27 INFO     Epoch 75/101 Loss: 0.000878022110555321, reward: 0.37208300828933716
2022-10-01 17:28:18 INFO     Epoch 76/101 Loss: -2.02022183657391e-05, reward: 0.37167683243751526
2022-10-01 17:29:09 INFO     Epoch 77/101 Loss: 0.0010014006402343512, reward: 0.37102487683296204
2022-10-01 17:30:00 INFO     Epoch 78/101 Loss: -0.0017185666365548968, reward: 0.37089231610298157
2022-10-01 17:30:51 INFO     Epoch 79/101 Loss: 0.0022747714538127184, reward: 0.3711763024330139
2022-10-01 17:31:35 INFO     Epoch 80/101 Loss: 0.0034147382248193026, reward: 0.36983737349510193
2022-10-01 17:32:26 INFO     Epoch 81/101 Loss: 0.001226032036356628, reward: 0.3696765601634979
2022-10-01 17:33:16 INFO     Epoch 82/101 Loss: 0.00048761090147309005, reward: 0.3707621097564697
2022-10-01 17:34:06 INFO     Epoch 83/101 Loss: -9.918244177242741e-05, reward: 0.3704366385936737
2022-10-01 17:34:57 INFO     Epoch 84/101 Loss: 0.00044888650882057846, reward: 0.37074801325798035
2022-10-01 17:35:47 INFO     Epoch 85/101 Loss: 0.0009514547418802977, reward: 0.37067195773124695
2022-10-01 17:36:38 INFO     Epoch 86/101 Loss: 0.0023513713385909796, reward: 0.3693675100803375
2022-10-01 17:37:29 INFO     Epoch 87/101 Loss: 0.002440162468701601, reward: 0.36948204040527344
2022-10-01 17:38:19 INFO     Epoch 88/101 Loss: -0.0005784184904769063, reward: 0.3695494830608368
2022-10-01 17:39:09 INFO     Epoch 89/101 Loss: 0.0003418975684326142, reward: 0.36906081438064575
2022-10-01 17:39:59 INFO     Epoch 90/101 Loss: 0.00017035244673024863, reward: 0.3695290982723236
2022-10-01 17:39:59 INFO     Save Model in logs
2022-10-01 17:40:50 INFO     Epoch 91/101 Loss: 0.0007337130955420434, reward: 0.3712798058986664
2022-10-01 17:41:40 INFO     Epoch 92/101 Loss: -0.0015781144611537457, reward: 0.3711661100387573
2022-10-01 17:42:30 INFO     Epoch 93/101 Loss: 2.0559307813527994e-05, reward: 0.37110331654548645
2022-10-01 17:43:20 INFO     Epoch 94/101 Loss: -0.0012522645993158221, reward: 0.37170490622520447
2022-10-01 17:44:10 INFO     Epoch 95/101 Loss: 0.0009282206301577389, reward: 0.3711997866630554
2022-10-01 17:44:57 INFO     Epoch 96/101 Loss: 0.0009089070372283459, reward: 0.3714280426502228
2022-10-01 17:45:42 INFO     Epoch 97/101 Loss: 1.0274892702000216e-05, reward: 0.37111353874206543
2022-10-01 17:46:25 INFO     Epoch 98/101 Loss: 0.000552424811758101, reward: 0.37219905853271484
2022-10-01 17:47:11 INFO     Epoch 99/101 Loss: 0.0005442847032099962, reward: 0.37126579880714417
2022-10-01 17:48:02 INFO     Epoch 100/101 Loss: -0.000542829220648855, reward: 0.3706923723220825
2022-10-01 17:48:02 INFO     Save Model in logs
