2022-03-28 17:59:10 INFO     {'cuda': True, 'batch_size': 512, 'num_ent': 7128, 'num_rel': 230, 'ent_dim': 100, 'rel_dim': 100, 'time_dim': 20, 'state_dim': 100, 'action_dim': 200, 'mlp_input_dim': 300, 'mlp_hidden_dim': 100, 'path_length': 3, 'max_action_num': 50, 'lambda': 0.0, 'gamma': 0.95, 'ita': 0.01, 'zita': 0.9, 'beam_size': 100, 'entities_embeds_method': 'dynamic'}
2022-03-28 17:59:10 INFO     Namespace(Gamma=0.95, IM=False, Ita=0.01, Lambda=0.0, Zita=0.9, alphas_pkl='dirchlet_alphas.pkl', batch_size=512, beam_size=100, clip_gradient=10.0, cuda=True, data_path='data/ICEWS14', do_test=False, do_train=True, ent_dim=100, entities_embeds_method='dynamic', hidden_dim=100, k=300, load_model_path='logs', lr=0.001, max_action_num=50, max_epochs=400, mu=0.1, num_workers=8, path_length=3, rel_dim=100, reward_shaping=True, save_epoch=30, save_path='logs', state_actions_path='state_actions_space.pkl', state_dim=100, test_batch_size=1, test_inductive=False, time_dim=20, time_span=24, valid_epoch=30)
2022-03-28 17:59:20 INFO     Start Training......
2022-03-28 18:00:31 INFO     Epoch 0/400 Loss: -0.00580749474465847, reward: 0.19630281627178192
2022-03-28 18:01:21 INFO     Epoch 1/400 Loss: -0.013086373917758465, reward: 0.25836819410324097
2022-03-28 18:02:12 INFO     Epoch 2/400 Loss: -0.011020335368812084, reward: 0.27220800518989563
2022-03-28 18:03:00 INFO     Epoch 3/400 Loss: -0.013893540017306805, reward: 0.28407496213912964
2022-03-28 18:03:48 INFO     Epoch 4/400 Loss: -0.013456198386847973, reward: 0.2924976646900177
2022-03-28 18:04:37 INFO     Epoch 5/400 Loss: -0.013020560145378113, reward: 0.2966768741607666
2022-03-28 18:05:25 INFO     Epoch 6/400 Loss: -0.014654547907412052, reward: 0.2979632019996643
2022-03-28 18:06:13 INFO     Epoch 7/400 Loss: -0.012666347436606884, reward: 0.3024272322654724
2022-03-28 18:07:01 INFO     Epoch 8/400 Loss: -0.012174705974757671, reward: 0.3015863299369812
2022-03-28 18:07:50 INFO     Epoch 9/400 Loss: -0.011995714157819748, reward: 0.30343514680862427
2022-03-28 18:08:38 INFO     Epoch 10/400 Loss: -0.01282161008566618, reward: 0.3072936236858368
2022-03-28 18:09:26 INFO     Epoch 11/400 Loss: -0.01194629818201065, reward: 0.3080245554447174
2022-03-28 18:10:15 INFO     Epoch 12/400 Loss: -0.011646243743598461, reward: 0.3092435598373413
2022-03-28 18:11:03 INFO     Epoch 13/400 Loss: -0.011120745912194252, reward: 0.31011107563972473
2022-03-28 18:11:51 INFO     Epoch 14/400 Loss: -0.00917649082839489, reward: 0.3072283864021301
2022-03-28 18:12:39 INFO     Epoch 15/400 Loss: -0.010392233729362488, reward: 0.30593183636665344
2022-03-28 18:13:27 INFO     Epoch 16/400 Loss: -0.00841586571186781, reward: 0.3064558207988739
2022-03-28 18:14:16 INFO     Epoch 17/400 Loss: -0.010813897475600243, reward: 0.3086223304271698
2022-03-28 18:15:05 INFO     Epoch 18/400 Loss: -0.009613912552595139, reward: 0.3102562129497528
2022-03-28 18:15:54 INFO     Epoch 19/400 Loss: -0.009999976493418217, reward: 0.3110491633415222
2022-03-28 18:16:43 INFO     Epoch 20/400 Loss: -0.00949360616505146, reward: 0.31466516852378845
2022-03-28 18:17:31 INFO     Epoch 21/400 Loss: -0.007470102980732918, reward: 0.3112013339996338
2022-03-28 18:18:20 INFO     Epoch 22/400 Loss: -0.0089719844982028, reward: 0.31309178471565247
2022-03-28 18:19:08 INFO     Epoch 23/400 Loss: -0.007919580675661564, reward: 0.31304070353507996
2022-03-28 18:19:57 INFO     Epoch 24/400 Loss: -0.008190082386136055, reward: 0.3156040608882904
2022-03-28 18:20:45 INFO     Epoch 25/400 Loss: -0.007946495898067951, reward: 0.31686145067214966
2022-03-28 18:21:34 INFO     Epoch 26/400 Loss: -0.0103024672716856, reward: 0.3168952167034149
2022-03-28 18:22:22 INFO     Epoch 27/400 Loss: -0.007793920114636421, reward: 0.3177061975002289
2022-03-28 18:23:11 INFO     Epoch 28/400 Loss: -0.007983826100826263, reward: 0.31876522302627563
2022-03-28 18:24:00 INFO     Epoch 29/400 Loss: -0.00729422178119421, reward: 0.31886953115463257
2022-03-28 18:24:49 INFO     Epoch 30/400 Loss: -0.006715446710586548, reward: 0.31828197836875916
2022-03-28 18:24:49 INFO     Save Model in logs
2022-03-28 18:24:49 INFO     Start Val......
2022-03-28 18:31:04 INFO     MRR at epoch 30: 0.41277572912151916
2022-03-28 18:31:04 INFO     HITS@1 at epoch 30: 0.3189611517036823
2022-03-28 18:31:04 INFO     HITS@3 at epoch 30: 0.4640454315271649
2022-03-28 18:31:04 INFO     HITS@10 at epoch 30: 0.5861245749837228
2022-03-28 18:31:53 INFO     Epoch 31/400 Loss: -0.006717707496136427, reward: 0.3194146156311035
2022-03-28 18:32:44 INFO     Epoch 32/400 Loss: -0.007776021491736174, reward: 0.3224486708641052
2022-03-28 18:33:33 INFO     Epoch 33/400 Loss: -0.0074147009290754795, reward: 0.3226180672645569
2022-03-28 18:34:21 INFO     Epoch 34/400 Loss: -0.007894442416727543, reward: 0.32271772623062134
2022-03-28 18:35:10 INFO     Epoch 35/400 Loss: -0.008580902591347694, reward: 0.32335221767425537
2022-03-28 18:35:59 INFO     Epoch 36/400 Loss: -0.00859827734529972, reward: 0.32314836978912354
2022-03-28 18:36:48 INFO     Epoch 37/400 Loss: -0.008660150691866875, reward: 0.3236997425556183
2022-03-28 18:37:38 INFO     Epoch 38/400 Loss: -0.007053907960653305, reward: 0.3247414529323578
2022-03-28 18:38:27 INFO     Epoch 39/400 Loss: -0.008589781820774078, reward: 0.3254474103450775
2022-03-28 18:39:17 INFO     Epoch 40/400 Loss: -0.009475945495069027, reward: 0.327767550945282
2022-03-28 18:40:06 INFO     Epoch 41/400 Loss: -0.008585373871028423, reward: 0.329605370759964
2022-03-28 18:41:00 INFO     Epoch 42/400 Loss: -0.008709295652806759, reward: 0.32878178358078003
2022-03-28 18:41:54 INFO     Epoch 43/400 Loss: -0.006780986208468676, reward: 0.32745930552482605
2022-03-28 18:43:05 INFO     Epoch 44/400 Loss: -0.007728617638349533, reward: 0.3314064145088196
2022-03-28 18:44:11 INFO     Epoch 45/400 Loss: -0.00785165186971426, reward: 0.33014658093452454
2022-03-28 18:45:05 INFO     Epoch 46/400 Loss: -0.0066535379737615585, reward: 0.32776129245758057
2022-03-28 18:45:53 INFO     Epoch 47/400 Loss: -0.005602132994681597, reward: 0.32844603061676025
2022-03-28 18:46:42 INFO     Epoch 48/400 Loss: -0.004911043215543032, reward: 0.3282099962234497
2022-03-28 18:47:31 INFO     Epoch 49/400 Loss: -0.0050864387303590775, reward: 0.32735419273376465
2022-03-28 18:48:19 INFO     Epoch 50/400 Loss: -0.003605255391448736, reward: 0.32853156328201294
2022-03-28 18:49:08 INFO     Epoch 51/400 Loss: -0.006066459231078625, reward: 0.32838571071624756
2022-03-28 18:49:57 INFO     Epoch 52/400 Loss: -0.005446522496640682, reward: 0.330731064081192
2022-03-28 18:50:47 INFO     Epoch 53/400 Loss: -0.004500153474509716, reward: 0.3290649652481079
2022-03-28 18:51:36 INFO     Epoch 54/400 Loss: -0.0043385517783463, reward: 0.331469863653183
2022-03-28 18:52:26 INFO     Epoch 55/400 Loss: -0.0036838618107140064, reward: 0.3312282860279083
2022-03-28 18:53:16 INFO     Epoch 56/400 Loss: -0.004006127826869488, reward: 0.3317216634750366
2022-03-28 18:54:04 INFO     Epoch 57/400 Loss: -0.004409835673868656, reward: 0.33193105459213257
2022-03-28 18:54:52 INFO     Epoch 58/400 Loss: -0.007124978117644787, reward: 0.33325114846229553
2022-03-28 18:55:41 INFO     Epoch 59/400 Loss: -0.005952666513621807, reward: 0.33421212434768677
2022-03-28 18:56:30 INFO     Epoch 60/400 Loss: -0.005333836656063795, reward: 0.3354122042655945
2022-03-28 18:56:30 INFO     Save Model in logs
2022-03-28 18:56:30 INFO     Start Val......
2022-03-28 19:02:58 INFO     MRR at epoch 60: 0.4225446500976496
2022-03-28 19:02:58 INFO     HITS@1 at epoch 60: 0.3319105838095927
2022-03-28 19:02:58 INFO     HITS@3 at epoch 60: 0.4737394198075671
2022-03-28 19:02:58 INFO     HITS@10 at epoch 60: 0.5882586992693337
2022-03-28 19:03:48 INFO     Epoch 61/400 Loss: -0.005579205695539713, reward: 0.33409684896469116
2022-03-28 19:04:38 INFO     Epoch 62/400 Loss: -0.004790628328919411, reward: 0.3342740535736084
2022-03-28 19:05:29 INFO     Epoch 63/400 Loss: -0.004802906420081854, reward: 0.3358021080493927
2022-03-28 19:06:19 INFO     Epoch 64/400 Loss: -0.003401315538212657, reward: 0.3344544768333435
2022-03-28 19:07:09 INFO     Epoch 65/400 Loss: -0.003380231559276581, reward: 0.3349180519580841
2022-03-28 19:07:58 INFO     Epoch 66/400 Loss: -0.0047901994548738, reward: 0.33603110909461975
2022-03-28 19:08:46 INFO     Epoch 67/400 Loss: -0.004203782416880131, reward: 0.33792930841445923
2022-03-28 19:09:36 INFO     Epoch 68/400 Loss: -0.004594311583787203, reward: 0.33781322836875916
2022-03-28 19:10:25 INFO     Epoch 69/400 Loss: -0.0056060985662043095, reward: 0.3376602530479431
2022-03-28 19:11:14 INFO     Epoch 70/400 Loss: -0.006699883379042149, reward: 0.3381630480289459
2022-03-28 19:12:03 INFO     Epoch 71/400 Loss: -0.004976104013621807, reward: 0.3390094041824341
2022-03-28 19:12:52 INFO     Epoch 72/400 Loss: -0.006316489540040493, reward: 0.3396400511264801
2022-03-28 19:13:42 INFO     Epoch 73/400 Loss: -0.006574483122676611, reward: 0.33825868368148804
2022-03-28 19:14:32 INFO     Epoch 74/400 Loss: -0.004844553768634796, reward: 0.3382258117198944
2022-03-28 19:15:21 INFO     Epoch 75/400 Loss: -0.007585641462355852, reward: 0.34039852023124695
2022-03-28 19:16:11 INFO     Epoch 76/400 Loss: -0.007369833532720804, reward: 0.3401890993118286
2022-03-28 19:17:01 INFO     Epoch 77/400 Loss: -0.008388090878725052, reward: 0.3425822854042053
2022-03-28 19:17:50 INFO     Epoch 78/400 Loss: -0.007577208802103996, reward: 0.3430011570453644
2022-03-28 19:18:39 INFO     Epoch 79/400 Loss: -0.005665896460413933, reward: 0.343392550945282
2022-03-28 19:19:29 INFO     Epoch 80/400 Loss: -0.007687967736274004, reward: 0.3421124815940857
2022-03-28 19:20:18 INFO     Epoch 81/400 Loss: -0.006990909110754728, reward: 0.3414158821105957
2022-03-28 19:21:07 INFO     Epoch 82/400 Loss: -0.005539674311876297, reward: 0.33947452902793884
2022-03-28 19:21:57 INFO     Epoch 83/400 Loss: -0.007713378872722387, reward: 0.3422214090824127
2022-03-28 19:22:46 INFO     Epoch 84/400 Loss: -0.006341956090182066, reward: 0.3389066457748413
2022-03-28 19:23:36 INFO     Epoch 85/400 Loss: -0.004108878783881664, reward: 0.33725476264953613
2022-03-28 19:24:26 INFO     Epoch 86/400 Loss: -0.005834516137838364, reward: 0.3402957618236542
2022-03-28 19:25:14 INFO     Epoch 87/400 Loss: -0.002833935199305415, reward: 0.3402573764324188
2022-03-28 19:26:04 INFO     Epoch 88/400 Loss: -0.006883305963128805, reward: 0.34024950861930847
2022-03-28 19:26:54 INFO     Epoch 89/400 Loss: -0.008406196720898151, reward: 0.3403005301952362
2022-03-28 19:27:43 INFO     Epoch 90/400 Loss: -0.0053853485733270645, reward: 0.3392902612686157
2022-03-28 19:27:43 INFO     Save Model in logs
2022-03-28 19:27:43 INFO     Start Val......
2022-03-28 19:34:15 INFO     MRR at epoch 90: 0.4205775654734635
2022-03-28 19:34:15 INFO     HITS@1 at epoch 90: 0.32955942993561455
2022-03-28 19:34:15 INFO     HITS@3 at epoch 90: 0.47156912392389494
2022-03-28 19:34:15 INFO     HITS@10 at epoch 90: 0.5861969181798452
2022-03-28 19:35:06 INFO     Epoch 91/400 Loss: -0.005179552361369133, reward: 0.34087857604026794
2022-03-28 19:35:54 INFO     Epoch 92/400 Loss: -0.006753241177648306, reward: 0.34164726734161377
2022-03-28 19:36:43 INFO     Epoch 93/400 Loss: -0.003404891351237893, reward: 0.3417986333370209
2022-03-28 19:37:31 INFO     Epoch 94/400 Loss: -0.005716842599213123, reward: 0.343260794878006
2022-03-28 19:38:20 INFO     Epoch 95/400 Loss: -0.007559916470199823, reward: 0.34462791681289673
2022-03-28 19:39:09 INFO     Epoch 96/400 Loss: -0.01061665453016758, reward: 0.3449009358882904
2022-03-28 19:39:58 INFO     Epoch 97/400 Loss: -0.007394898217171431, reward: 0.34388357400894165
2022-03-28 19:40:47 INFO     Epoch 98/400 Loss: -0.008849521167576313, reward: 0.34609708189964294
2022-03-28 19:41:36 INFO     Epoch 99/400 Loss: -0.00936636608093977, reward: 0.34517863392829895
2022-03-28 19:42:25 INFO     Epoch 100/400 Loss: -0.008079759776592255, reward: 0.3459010422229767
2022-03-28 19:43:14 INFO     Epoch 101/400 Loss: -0.008363297209143639, reward: 0.34619277715682983
2022-03-28 19:44:03 INFO     Epoch 102/400 Loss: -0.007769132032990456, reward: 0.3457958996295929
2022-03-28 19:44:52 INFO     Epoch 103/400 Loss: -0.006294094957411289, reward: 0.3455943763256073
2022-03-28 19:45:42 INFO     Epoch 104/400 Loss: -0.00406551081687212, reward: 0.34478959441185
2022-03-28 19:46:31 INFO     Epoch 105/400 Loss: -0.005757587496191263, reward: 0.3453024923801422
2022-03-28 19:47:21 INFO     Epoch 106/400 Loss: -0.007048660423606634, reward: 0.3477671444416046
2022-03-28 19:48:10 INFO     Epoch 107/400 Loss: -0.0057586925104260445, reward: 0.3473757207393646
2022-03-28 19:49:00 INFO     Epoch 108/400 Loss: -0.0067200614139437675, reward: 0.34905269742012024
2022-03-28 19:49:50 INFO     Epoch 109/400 Loss: -0.008040000684559345, reward: 0.35075950622558594
2022-03-28 19:50:39 INFO     Epoch 110/400 Loss: -0.007572714705020189, reward: 0.34930136799812317
2022-03-28 19:51:29 INFO     Epoch 111/400 Loss: -0.007948437705636024, reward: 0.3497719466686249
2022-03-28 19:52:20 INFO     Epoch 112/400 Loss: -0.007602868136018515, reward: 0.35068264603614807
2022-03-28 19:53:10 INFO     Epoch 113/400 Loss: -0.00600312277674675, reward: 0.348178893327713
2022-03-28 19:54:02 INFO     Epoch 114/400 Loss: -0.0057774558663368225, reward: 0.34632375836372375
2022-03-28 19:54:53 INFO     Epoch 115/400 Loss: -0.007574375718832016, reward: 0.3476957082748413
2022-03-28 19:55:44 INFO     Epoch 116/400 Loss: -0.007145419716835022, reward: 0.348246306180954
2022-03-28 19:56:34 INFO     Epoch 117/400 Loss: -0.005888837389647961, reward: 0.3507148027420044
2022-03-28 19:57:25 INFO     Epoch 118/400 Loss: -0.005502684507519007, reward: 0.35074540972709656
2022-03-28 19:58:15 INFO     Epoch 119/400 Loss: -0.007200803607702255, reward: 0.3491734564304352
2022-03-28 19:59:06 INFO     Epoch 120/400 Loss: -0.005888666491955519, reward: 0.3515886068344116
2022-03-28 19:59:06 INFO     Save Model in logs
2022-03-28 19:59:06 INFO     Start Val......
2022-03-28 20:05:55 INFO     MRR at epoch 120: 0.4225074059354465
2022-03-28 20:05:55 INFO     HITS@1 at epoch 120: 0.33263401577081675
2022-03-28 20:05:55 INFO     HITS@3 at epoch 120: 0.4733777038269551
2022-03-28 20:05:55 INFO     HITS@10 at epoch 120: 0.586703320552702
2022-03-28 20:06:48 INFO     Epoch 121/400 Loss: -0.006290880963206291, reward: 0.3506983518600464
2022-03-28 20:07:39 INFO     Epoch 122/400 Loss: -0.005739545449614525, reward: 0.3495241105556488
2022-03-28 20:08:29 INFO     Epoch 123/400 Loss: -0.004144488833844662, reward: 0.3501861095428467
2022-03-28 20:09:20 INFO     Epoch 124/400 Loss: -0.0035310143139213324, reward: 0.349995493888855
2022-03-28 20:10:11 INFO     Epoch 125/400 Loss: -0.00587889738380909, reward: 0.35134074091911316
2022-03-28 20:11:02 INFO     Epoch 126/400 Loss: -0.008520295843482018, reward: 0.3527345657348633
2022-03-28 20:11:53 INFO     Epoch 127/400 Loss: -0.0063276393339037895, reward: 0.35230788588523865
2022-03-28 20:12:44 INFO     Epoch 128/400 Loss: -0.005283487495034933, reward: 0.35100650787353516
2022-03-28 20:13:34 INFO     Epoch 129/400 Loss: -0.004210132639855146, reward: 0.3520599603652954
2022-03-28 20:14:25 INFO     Epoch 130/400 Loss: -0.005675891879945993, reward: 0.3534577488899231
2022-03-28 20:15:16 INFO     Epoch 131/400 Loss: -0.006260049529373646, reward: 0.35260990262031555
2022-03-28 20:16:08 INFO     Epoch 132/400 Loss: -0.004495880100876093, reward: 0.3512372672557831
2022-03-28 20:16:58 INFO     Epoch 133/400 Loss: -0.00679035484790802, reward: 0.3520137667655945
2022-03-28 20:17:48 INFO     Epoch 134/400 Loss: -0.00550655834376812, reward: 0.35285618901252747
2022-03-28 20:18:40 INFO     Epoch 135/400 Loss: -0.005804368294775486, reward: 0.3538210093975067
2022-03-28 20:19:31 INFO     Epoch 136/400 Loss: -0.004318642895668745, reward: 0.3540319800376892
2022-03-28 20:20:22 INFO     Epoch 137/400 Loss: -0.003085249336436391, reward: 0.35317543148994446
2022-03-28 20:21:12 INFO     Epoch 138/400 Loss: -0.005458328407257795, reward: 0.35312992334365845
2022-03-28 20:22:03 INFO     Epoch 139/400 Loss: -0.007387039251625538, reward: 0.3539770543575287
2022-03-28 20:22:54 INFO     Epoch 140/400 Loss: -0.007187854498624802, reward: 0.35363590717315674
2022-03-28 20:23:45 INFO     Epoch 141/400 Loss: -0.007938016206026077, reward: 0.35391274094581604
2022-03-28 20:24:37 INFO     Epoch 142/400 Loss: -0.0069298166781663895, reward: 0.35358726978302
2022-03-28 20:25:28 INFO     Epoch 143/400 Loss: -0.009042351506650448, reward: 0.35356366634368896
2022-03-28 20:26:20 INFO     Epoch 144/400 Loss: -0.00582061056047678, reward: 0.35550978779792786
2022-03-28 20:27:12 INFO     Epoch 145/400 Loss: -0.007247601635754108, reward: 0.35509392619132996
2022-03-28 20:28:03 INFO     Epoch 146/400 Loss: -0.006088607478886843, reward: 0.3564094305038452
2022-03-28 20:28:54 INFO     Epoch 147/400 Loss: -0.006830212660133839, reward: 0.3550170958042145
2022-03-28 20:29:46 INFO     Epoch 148/400 Loss: -0.006593953352421522, reward: 0.35739776492118835
2022-03-28 20:30:37 INFO     Epoch 149/400 Loss: -0.008723793551325798, reward: 0.3578958213329315
2022-03-28 20:31:29 INFO     Epoch 150/400 Loss: -0.009550070390105247, reward: 0.35765111446380615
2022-03-28 20:31:29 INFO     Save Model in logs
2022-03-28 20:31:29 INFO     Start Val......
2022-03-28 20:38:31 INFO     MRR at epoch 150: 0.42506826816432036
2022-03-28 20:38:31 INFO     HITS@1 at epoch 150: 0.336793749547855
2022-03-28 20:38:31 INFO     HITS@3 at epoch 150: 0.4738117630036895
2022-03-28 20:38:31 INFO     HITS@10 at epoch 150: 0.586522462562396
2022-03-28 20:39:25 INFO     Epoch 151/400 Loss: -0.008102218620479107, reward: 0.3574126958847046
2022-03-28 20:40:16 INFO     Epoch 152/400 Loss: -0.007005054038017988, reward: 0.3584669232368469
2022-03-28 20:41:09 INFO     Epoch 153/400 Loss: -0.00727037200704217, reward: 0.3578433394432068
2022-03-28 20:42:00 INFO     Epoch 154/400 Loss: -0.007386705372482538, reward: 0.35853832960128784
2022-03-28 20:42:51 INFO     Epoch 155/400 Loss: -0.00483987620100379, reward: 0.35774996876716614
2022-03-28 20:43:43 INFO     Epoch 156/400 Loss: -0.004853628575801849, reward: 0.35709497332572937
2022-03-28 20:44:33 INFO     Epoch 157/400 Loss: -0.004611702635884285, reward: 0.3565279245376587
2022-03-28 20:45:25 INFO     Epoch 158/400 Loss: -0.0020218915306031704, reward: 0.35848334431648254
2022-03-28 20:46:16 INFO     Epoch 159/400 Loss: -0.002314859302714467, reward: 0.35688716173171997
2022-03-28 20:47:07 INFO     Epoch 160/400 Loss: -0.0026744843926280737, reward: 0.35639217495918274
2022-03-28 20:47:59 INFO     Epoch 161/400 Loss: -0.006213625892996788, reward: 0.3575734794139862
2022-03-28 20:48:52 INFO     Epoch 162/400 Loss: -0.005328703206032515, reward: 0.35732871294021606
2022-03-28 20:49:43 INFO     Epoch 163/400 Loss: -0.008227351121604443, reward: 0.35812175273895264
2022-03-28 20:50:36 INFO     Epoch 164/400 Loss: -0.006970261223614216, reward: 0.357604056596756
2022-03-28 20:51:28 INFO     Epoch 165/400 Loss: -0.003780367784202099, reward: 0.35508549213409424
2022-03-28 20:52:20 INFO     Epoch 166/400 Loss: -0.004533303435891867, reward: 0.3588654100894928
2022-03-28 20:53:12 INFO     Epoch 167/400 Loss: -0.005814814940094948, reward: 0.35910847783088684
2022-03-28 20:54:04 INFO     Epoch 168/400 Loss: -0.005964977201074362, reward: 0.3583609461784363
2022-03-28 20:54:57 INFO     Epoch 169/400 Loss: -0.004167993552982807, reward: 0.35757187008857727
2022-03-28 20:55:49 INFO     Epoch 170/400 Loss: -0.00303168804384768, reward: 0.3549630343914032
2022-03-28 20:56:42 INFO     Epoch 171/400 Loss: -0.005324850790202618, reward: 0.35538026690483093
2022-03-28 20:57:33 INFO     Epoch 172/400 Loss: -0.00525457551702857, reward: 0.3588629961013794
2022-03-28 20:58:24 INFO     Epoch 173/400 Loss: -0.007722962647676468, reward: 0.35970538854599
2022-03-28 20:59:15 INFO     Epoch 174/400 Loss: -0.008462309837341309, reward: 0.35897359251976013
2022-03-28 21:00:06 INFO     Epoch 175/400 Loss: -0.01032925769686699, reward: 0.3597383499145508
2022-03-28 21:00:57 INFO     Epoch 176/400 Loss: -0.006551142316311598, reward: 0.3600333034992218
2022-03-28 21:01:48 INFO     Epoch 177/400 Loss: -0.006797870621085167, reward: 0.3604246973991394
2022-03-28 21:02:39 INFO     Epoch 178/400 Loss: -0.007761630229651928, reward: 0.3606930673122406
2022-03-28 21:03:31 INFO     Epoch 179/400 Loss: -0.009475994855165482, reward: 0.36182326078414917
2022-03-28 21:04:22 INFO     Epoch 180/400 Loss: -0.008120141923427582, reward: 0.3607572913169861
2022-03-28 21:04:22 INFO     Save Model in logs
2022-03-28 21:04:22 INFO     Start Val......
2022-03-28 21:11:09 INFO     MRR at epoch 180: 0.41801699991921415
2022-03-28 21:11:09 INFO     HITS@1 at epoch 180: 0.3274253056500036
2022-03-28 21:11:09 INFO     HITS@3 at epoch 180: 0.4695435144324676
2022-03-28 21:11:09 INFO     HITS@10 at epoch 180: 0.5830138175504593
2022-03-28 21:12:01 INFO     Epoch 181/400 Loss: -0.009938878938555717, reward: 0.3606953024864197
2022-03-28 21:12:52 INFO     Epoch 182/400 Loss: -0.006424146704375744, reward: 0.36119574308395386
2022-03-28 21:13:43 INFO     Epoch 183/400 Loss: -0.009491430595517159, reward: 0.3604380488395691
2022-03-28 21:14:34 INFO     Epoch 184/400 Loss: -0.011986279860138893, reward: 0.36055102944374084
2022-03-28 21:15:25 INFO     Epoch 185/400 Loss: -0.009187416173517704, reward: 0.36215740442276
2022-03-28 21:16:17 INFO     Epoch 186/400 Loss: -0.009054095484316349, reward: 0.35898929834365845
2022-03-28 21:17:07 INFO     Epoch 187/400 Loss: -0.0061882794834673405, reward: 0.36024898290634155
2022-03-28 21:17:58 INFO     Epoch 188/400 Loss: -0.008339685387909412, reward: 0.3613557517528534
2022-03-28 21:18:49 INFO     Epoch 189/400 Loss: -0.008292746730148792, reward: 0.36113378405570984
2022-03-28 21:19:41 INFO     Epoch 190/400 Loss: -0.009508812800049782, reward: 0.3630187213420868
2022-03-28 21:20:31 INFO     Epoch 191/400 Loss: -0.00790407694876194, reward: 0.36200132966041565
2022-03-28 21:21:22 INFO     Epoch 192/400 Loss: -0.006754294503480196, reward: 0.3612554371356964
2022-03-28 21:22:13 INFO     Epoch 193/400 Loss: -0.007214799523353577, reward: 0.3581876754760742
2022-03-28 21:23:05 INFO     Epoch 194/400 Loss: -0.004288751166313887, reward: 0.3596348166465759
2022-03-28 21:23:56 INFO     Epoch 195/400 Loss: -0.003896170761436224, reward: 0.35971564054489136
2022-03-28 21:24:47 INFO     Epoch 196/400 Loss: -0.006276711355894804, reward: 0.35914456844329834
2022-03-28 21:25:39 INFO     Epoch 197/400 Loss: -0.0060449936427176, reward: 0.358566552400589
2022-03-28 21:26:30 INFO     Epoch 198/400 Loss: -0.007213625591248274, reward: 0.36083102226257324
2022-03-28 21:27:21 INFO     Epoch 199/400 Loss: -0.008236609399318695, reward: 0.3625456988811493
2022-03-28 21:28:13 INFO     Epoch 200/400 Loss: -0.004446277394890785, reward: 0.3627786934375763
2022-03-28 21:29:05 INFO     Epoch 201/400 Loss: -0.0031837797723710537, reward: 0.36139968037605286
2022-03-28 21:29:56 INFO     Epoch 202/400 Loss: -0.004843538627028465, reward: 0.36321479082107544
2022-03-28 21:30:47 INFO     Epoch 203/400 Loss: -0.006503021810203791, reward: 0.3639097213745117
2022-03-28 21:31:39 INFO     Epoch 204/400 Loss: -0.006671055220067501, reward: 0.3646078407764435
2022-03-28 21:32:31 INFO     Epoch 205/400 Loss: -0.004874903708696365, reward: 0.36130011081695557
2022-03-28 21:33:23 INFO     Epoch 206/400 Loss: -0.005691178143024445, reward: 0.36123812198638916
2022-03-28 21:34:14 INFO     Epoch 207/400 Loss: -0.003950255457311869, reward: 0.3608953356742859
2022-03-28 21:35:05 INFO     Epoch 208/400 Loss: -0.0013330734800547361, reward: 0.36189544200897217
2022-03-28 21:35:56 INFO     Epoch 209/400 Loss: -0.0021193146239966154, reward: 0.36246493458747864
2022-03-28 21:36:47 INFO     Epoch 210/400 Loss: -0.004276717081665993, reward: 0.3636508882045746
2022-03-28 21:36:47 INFO     Save Model in logs
2022-03-28 21:36:47 INFO     Start Val......
2022-03-28 21:43:38 INFO     MRR at epoch 210: 0.4214390221690255
2022-03-28 21:43:38 INFO     HITS@1 at epoch 210: 0.33097012226000144
2022-03-28 21:43:38 INFO     HITS@3 at epoch 210: 0.47178615351226216
2022-03-28 21:43:38 INFO     HITS@10 at epoch 210: 0.5877522968964769
2022-03-28 21:44:31 INFO     Epoch 211/400 Loss: -0.0055405143648386, reward: 0.363189697265625
2022-03-28 21:45:21 INFO     Epoch 212/400 Loss: -0.0025251922197639942, reward: 0.36205625534057617
2022-03-28 21:46:12 INFO     Epoch 213/400 Loss: -0.005116558633744717, reward: 0.36316540837287903
2022-03-28 21:47:03 INFO     Epoch 214/400 Loss: -0.0035305169876664877, reward: 0.36432939767837524
2022-03-28 21:47:54 INFO     Epoch 215/400 Loss: -0.005253090523183346, reward: 0.36371126770973206
2022-03-28 21:48:45 INFO     Epoch 216/400 Loss: -0.0055607217364013195, reward: 0.3633810579776764
2022-03-28 21:49:37 INFO     Epoch 217/400 Loss: -0.006388927809894085, reward: 0.3637418746948242
2022-03-28 21:50:28 INFO     Epoch 218/400 Loss: -0.00606883130967617, reward: 0.3648376762866974
2022-03-28 21:51:20 INFO     Epoch 219/400 Loss: -0.004178058821707964, reward: 0.36383989453315735
2022-03-28 21:52:11 INFO     Epoch 220/400 Loss: -0.006245323922485113, reward: 0.3644258677959442
2022-03-28 21:53:02 INFO     Epoch 221/400 Loss: -0.0071738362312316895, reward: 0.36488088965415955
2022-03-28 21:53:53 INFO     Epoch 222/400 Loss: -0.006722180638462305, reward: 0.3652847707271576
2022-03-28 21:54:44 INFO     Epoch 223/400 Loss: -0.0061147562228143215, reward: 0.36372068524360657
2022-03-28 21:55:35 INFO     Epoch 224/400 Loss: -0.006755147594958544, reward: 0.3650086522102356
2022-03-28 21:56:26 INFO     Epoch 225/400 Loss: -0.00690428027883172, reward: 0.36586129665374756
2022-03-28 21:57:17 INFO     Epoch 226/400 Loss: -0.008136531338095665, reward: 0.36547380685806274
2022-03-28 21:58:08 INFO     Epoch 227/400 Loss: -0.008110091090202332, reward: 0.36567074060440063
2022-03-28 21:58:59 INFO     Epoch 228/400 Loss: -0.0056542824022471905, reward: 0.3657021224498749
2022-03-28 21:59:50 INFO     Epoch 229/400 Loss: -0.007050121668726206, reward: 0.36463767290115356
2022-03-28 22:00:41 INFO     Epoch 230/400 Loss: -0.005965573713183403, reward: 0.36605268716812134
2022-03-28 22:01:33 INFO     Epoch 231/400 Loss: -0.007168726995587349, reward: 0.3662157952785492
2022-03-28 22:02:24 INFO     Epoch 232/400 Loss: -0.008676224388182163, reward: 0.36737120151519775
2022-03-28 22:03:17 INFO     Epoch 233/400 Loss: -0.006977453827857971, reward: 0.36673983931541443
2022-03-28 22:04:08 INFO     Epoch 234/400 Loss: -0.005923407152295113, reward: 0.3648235499858856
2022-03-28 22:05:00 INFO     Epoch 235/400 Loss: -0.003159075975418091, reward: 0.36604878306388855
2022-03-28 22:05:51 INFO     Epoch 236/400 Loss: -0.0033155931159853935, reward: 0.36628642678260803
2022-03-28 22:06:42 INFO     Epoch 237/400 Loss: -0.004566849675029516, reward: 0.3652518391609192
2022-03-28 22:07:33 INFO     Epoch 238/400 Loss: -0.004339136183261871, reward: 0.36665743589401245
2022-03-28 22:08:25 INFO     Epoch 239/400 Loss: -0.005067289341241121, reward: 0.36684179306030273
2022-03-28 22:09:16 INFO     Epoch 240/400 Loss: -0.0026164830196648836, reward: 0.367491215467453
2022-03-28 22:09:16 INFO     Save Model in logs
2022-03-28 22:09:16 INFO     Start Val......
2022-03-28 22:16:06 INFO     MRR at epoch 240: 0.42191570209251056
2022-03-28 22:16:06 INFO     HITS@1 at epoch 240: 0.3321999565940823
2022-03-28 22:16:06 INFO     HITS@3 at epoch 240: 0.47037546118787527
2022-03-28 22:16:06 INFO     HITS@10 at epoch 240: 0.5868480069449469
2022-03-28 22:16:58 INFO     Epoch 241/400 Loss: -0.005394189152866602, reward: 0.36656567454338074
2022-03-28 22:17:49 INFO     Epoch 242/400 Loss: -0.0054246243089437485, reward: 0.36657193303108215
2022-03-28 22:18:40 INFO     Epoch 243/400 Loss: -0.0054820687510073185, reward: 0.36801677942276
2022-03-28 22:19:32 INFO     Epoch 244/400 Loss: -0.007185710594058037, reward: 0.36805447936058044
2022-03-28 22:20:23 INFO     Epoch 245/400 Loss: -0.00654940027743578, reward: 0.36795395612716675
2022-03-28 22:21:14 INFO     Epoch 246/400 Loss: -0.005167155992239714, reward: 0.369135320186615
2022-03-28 22:22:06 INFO     Epoch 247/400 Loss: -0.005439457483589649, reward: 0.36866238713264465
2022-03-28 22:22:59 INFO     Epoch 248/400 Loss: -0.0050334567204117775, reward: 0.36763161420822144
2022-03-28 22:23:50 INFO     Epoch 249/400 Loss: -0.004549806471914053, reward: 0.367007315158844
2022-03-28 22:24:43 INFO     Epoch 250/400 Loss: -0.005281383171677589, reward: 0.36743873357772827
2022-03-28 22:25:36 INFO     Epoch 251/400 Loss: -0.0062963771633803844, reward: 0.3687094748020172
2022-03-28 22:26:28 INFO     Epoch 252/400 Loss: -0.006656610406935215, reward: 0.3679274320602417
2022-03-28 22:27:20 INFO     Epoch 253/400 Loss: -0.00813984777778387, reward: 0.36820188164711
2022-03-28 22:28:13 INFO     Epoch 254/400 Loss: -0.005205869674682617, reward: 0.3675571382045746
2022-03-28 22:29:05 INFO     Epoch 255/400 Loss: -0.004362192936241627, reward: 0.3668292462825775
2022-03-28 22:29:58 INFO     Epoch 256/400 Loss: -0.004818071145564318, reward: 0.36706462502479553
2022-03-28 22:30:51 INFO     Epoch 257/400 Loss: -0.004530661273747683, reward: 0.3678034245967865
2022-03-28 22:31:44 INFO     Epoch 258/400 Loss: -0.0030086953192949295, reward: 0.3674073815345764
2022-03-28 22:32:37 INFO     Epoch 259/400 Loss: -0.005372357089072466, reward: 0.36751559376716614
2022-03-28 22:33:31 INFO     Epoch 260/400 Loss: -0.003558207070454955, reward: 0.36835020780563354
2022-03-28 22:34:23 INFO     Epoch 261/400 Loss: -0.004407306667417288, reward: 0.36862701177597046
2022-03-28 22:35:16 INFO     Epoch 262/400 Loss: -0.005925999954342842, reward: 0.3694663643836975
2022-03-28 22:36:09 INFO     Epoch 263/400 Loss: -0.0051523372530937195, reward: 0.36881762742996216
2022-03-28 22:37:01 INFO     Epoch 264/400 Loss: -0.0070079779252409935, reward: 0.3697761595249176
2022-03-28 22:37:54 INFO     Epoch 265/400 Loss: -0.006028776988387108, reward: 0.3697275221347809
2022-03-28 22:38:47 INFO     Epoch 266/400 Loss: -0.00547618605196476, reward: 0.370618611574173
2022-03-28 22:39:40 INFO     Epoch 267/400 Loss: -0.006381968501955271, reward: 0.3702985942363739
2022-03-28 22:40:32 INFO     Epoch 268/400 Loss: -0.005189501214772463, reward: 0.3701636493206024
2022-03-28 22:41:26 INFO     Epoch 269/400 Loss: -0.0050817327573895454, reward: 0.37019503116607666
2022-03-28 22:42:20 INFO     Epoch 270/400 Loss: -0.004242472350597382, reward: 0.3691941797733307
2022-03-28 22:42:20 INFO     Save Model in logs
2022-03-28 22:42:20 INFO     Start Val......
2022-03-28 22:49:20 INFO     MRR at epoch 270: 0.4149274406794878
2022-03-28 22:49:20 INFO     HITS@1 at epoch 270: 0.3262678145120451
2022-03-28 22:49:20 INFO     HITS@3 at epoch 270: 0.4630326267814512
2022-03-28 22:49:20 INFO     HITS@10 at epoch 270: 0.5772625334587282
2022-03-28 22:50:10 INFO     Epoch 271/400 Loss: -0.007636825554072857, reward: 0.3702702820301056
2022-03-28 22:50:59 INFO     Epoch 272/400 Loss: -0.004452293738722801, reward: 0.37024444341659546
2022-03-28 22:51:49 INFO     Epoch 273/400 Loss: -0.005254217889159918, reward: 0.371163010597229
2022-03-28 22:52:40 INFO     Epoch 274/400 Loss: -0.0065263560973107815, reward: 0.37016919255256653
2022-03-28 22:53:30 INFO     Epoch 275/400 Loss: -0.005348688922822475, reward: 0.3706311881542206
2022-03-28 22:54:20 INFO     Epoch 276/400 Loss: -0.008132810704410076, reward: 0.37092769145965576
2022-03-28 22:55:11 INFO     Epoch 277/400 Loss: -0.00491486769169569, reward: 0.36878156661987305
2022-03-28 22:56:01 INFO     Epoch 278/400 Loss: -0.005608717445284128, reward: 0.36982715129852295
2022-03-28 22:56:52 INFO     Epoch 279/400 Loss: -0.0042622508481144905, reward: 0.3708021938800812
2022-03-28 22:57:44 INFO     Epoch 280/400 Loss: -0.004743391647934914, reward: 0.3704672157764435
2022-03-28 22:58:35 INFO     Epoch 281/400 Loss: -0.0013352194800972939, reward: 0.370231956243515
2022-03-28 22:59:27 INFO     Epoch 282/400 Loss: -0.005517936777323484, reward: 0.370299369096756
2022-03-28 23:00:20 INFO     Epoch 283/400 Loss: -0.005154604557901621, reward: 0.36953455209732056
2022-03-28 23:01:12 INFO     Epoch 284/400 Loss: -0.004862344358116388, reward: 0.36866310238838196
2022-03-28 23:02:03 INFO     Epoch 285/400 Loss: -0.00287009053863585, reward: 0.36893996596336365
2022-03-28 23:02:55 INFO     Epoch 286/400 Loss: -0.0038237678818404675, reward: 0.37069082260131836
2022-03-28 23:03:49 INFO     Epoch 287/400 Loss: -0.005965022835880518, reward: 0.3701024353504181
2022-03-28 23:04:40 INFO     Epoch 288/400 Loss: -0.003169902367517352, reward: 0.37126967310905457
2022-03-28 23:05:31 INFO     Epoch 289/400 Loss: -0.0034011169336736202, reward: 0.37090250849723816
2022-03-28 23:06:23 INFO     Epoch 290/400 Loss: -0.0034518789034336805, reward: 0.3696835935115814
2022-03-28 23:07:15 INFO     Epoch 291/400 Loss: -0.0022432871628552675, reward: 0.37149786949157715
2022-03-28 23:08:06 INFO     Epoch 292/400 Loss: -0.002378660487011075, reward: 0.3702821135520935
2022-03-28 23:08:58 INFO     Epoch 293/400 Loss: -0.0015075906412675977, reward: 0.371620237827301
2022-03-28 23:09:49 INFO     Epoch 294/400 Loss: -0.001903106807731092, reward: 0.3701848089694977
2022-03-28 23:10:41 INFO     Epoch 295/400 Loss: -0.006686252076178789, reward: 0.3709307610988617
2022-03-28 23:11:33 INFO     Epoch 296/400 Loss: -0.0041045937687158585, reward: 0.3711879849433899
2022-03-28 23:12:24 INFO     Epoch 297/400 Loss: -0.008400904014706612, reward: 0.3719104528427124
2022-03-28 23:13:16 INFO     Epoch 298/400 Loss: -0.0048269592225551605, reward: 0.37198343873023987
2022-03-28 23:14:08 INFO     Epoch 299/400 Loss: -0.006154398433864117, reward: 0.37302660942077637
2022-03-28 23:14:59 INFO     Epoch 300/400 Loss: -0.005742051173001528, reward: 0.3721960186958313
2022-03-28 23:14:59 INFO     Save Model in logs
2022-03-28 23:14:59 INFO     Start Val......
2022-03-28 23:21:27 INFO     MRR at epoch 300: 0.4197186654064517
2022-03-28 23:21:27 INFO     HITS@1 at epoch 300: 0.32955942993561455
2022-03-28 23:21:27 INFO     HITS@3 at epoch 300: 0.46986905881501845
2022-03-28 23:21:27 INFO     HITS@10 at epoch 300: 0.5857266874050495
2022-03-28 23:22:20 INFO     Epoch 301/400 Loss: -0.0036435332149267197, reward: 0.3736165165901184
2022-03-28 23:23:11 INFO     Epoch 302/400 Loss: -0.004529758356511593, reward: 0.3736895024776459
2022-03-28 23:24:04 INFO     Epoch 303/400 Loss: -0.004189988598227501, reward: 0.37317097187042236
2022-03-28 23:24:58 INFO     Epoch 304/400 Loss: -0.0038939653895795345, reward: 0.37242892384529114
2022-03-28 23:25:51 INFO     Epoch 305/400 Loss: -0.0027881369460374117, reward: 0.37278035283088684
2022-03-28 23:26:44 INFO     Epoch 306/400 Loss: -0.0043997690081596375, reward: 0.3723811209201813
2022-03-28 23:27:37 INFO     Epoch 307/400 Loss: -0.0050408076494932175, reward: 0.37385812401771545
2022-03-28 23:28:30 INFO     Epoch 308/400 Loss: -0.007320270873606205, reward: 0.37383776903152466
2022-03-28 23:29:23 INFO     Epoch 309/400 Loss: -0.006066395901143551, reward: 0.3729647099971771
2022-03-28 23:30:16 INFO     Epoch 310/400 Loss: -0.006198931951075792, reward: 0.37266746163368225
2022-03-28 23:31:10 INFO     Epoch 311/400 Loss: -0.0059419190511107445, reward: 0.3724344074726105
2022-03-28 23:32:02 INFO     Epoch 312/400 Loss: -0.0038828542456030846, reward: 0.3691141605377197
2022-03-28 23:32:55 INFO     Epoch 313/400 Loss: -0.00423378637060523, reward: 0.37158337235450745
2022-03-28 23:33:50 INFO     Epoch 314/400 Loss: -0.005387649871408939, reward: 0.37320077419281006
2022-03-28 23:34:42 INFO     Epoch 315/400 Loss: -0.004352837800979614, reward: 0.37237411737442017
2022-03-28 23:35:36 INFO     Epoch 316/400 Loss: -0.006726876832544804, reward: 0.36888110637664795
2022-03-28 23:36:29 INFO     Epoch 317/400 Loss: -0.005437953397631645, reward: 0.37074726819992065
2022-03-28 23:37:21 INFO     Epoch 318/400 Loss: -0.004404200706630945, reward: 0.3722132742404938
2022-03-28 23:38:14 INFO     Epoch 319/400 Loss: -0.00612655421718955, reward: 0.37431076169013977
2022-03-28 23:39:08 INFO     Epoch 320/400 Loss: -0.006511503830552101, reward: 0.37303370237350464
2022-03-28 23:40:00 INFO     Epoch 321/400 Loss: -0.006321495398879051, reward: 0.3739530146121979
2022-03-28 23:40:53 INFO     Epoch 322/400 Loss: -0.006735167000442743, reward: 0.37442684173583984
2022-03-28 23:41:46 INFO     Epoch 323/400 Loss: -0.00587206706404686, reward: 0.373264342546463
2022-03-28 23:42:39 INFO     Epoch 324/400 Loss: -0.005273036193102598, reward: 0.37385180592536926
2022-03-28 23:43:31 INFO     Epoch 325/400 Loss: -0.008236633613705635, reward: 0.3733898401260376
2022-03-28 23:44:28 INFO     Epoch 326/400 Loss: -0.006537281442433596, reward: 0.37455540895462036
2022-03-28 23:45:35 INFO     Epoch 327/400 Loss: -0.007877467200160027, reward: 0.3730086088180542
2022-03-28 23:46:34 INFO     Epoch 328/400 Loss: -0.004403925966471434, reward: 0.37400874495506287
2022-03-28 23:47:41 INFO     Epoch 329/400 Loss: -0.005185045767575502, reward: 0.3742150068283081
2022-03-28 23:48:48 INFO     Epoch 330/400 Loss: -0.0068273479118943214, reward: 0.3739389479160309
2022-03-28 23:48:48 INFO     Save Model in logs
2022-03-28 23:48:48 INFO     Start Val......
2022-03-28 23:57:21 INFO     MRR at epoch 330: 0.41917975974011684
2022-03-28 23:57:21 INFO     HITS@1 at epoch 330: 0.3287274831802069
2022-03-28 23:57:21 INFO     HITS@3 at epoch 330: 0.4687839108731824
2022-03-28 23:57:21 INFO     HITS@10 at epoch 330: 0.5855096578166823
2022-03-28 23:58:26 INFO     Epoch 331/400 Loss: -0.003119970206171274, reward: 0.373509019613266
2022-03-28 23:59:26 INFO     Epoch 332/400 Loss: -0.004871612414717674, reward: 0.3727615475654602
2022-03-29 00:00:30 INFO     Epoch 333/400 Loss: -0.005862044636160135, reward: 0.37308862805366516
2022-03-29 00:01:34 INFO     Epoch 334/400 Loss: -0.008005307987332344, reward: 0.3735208213329315
2022-03-29 00:02:37 INFO     Epoch 335/400 Loss: -0.0053574698977172375, reward: 0.3728649914264679
2022-03-29 00:03:42 INFO     Epoch 336/400 Loss: -0.006797804031521082, reward: 0.3736095130443573
2022-03-29 00:04:44 INFO     Epoch 337/400 Loss: -0.0057619716972112656, reward: 0.3727882504463196
2022-03-29 00:05:48 INFO     Epoch 338/400 Loss: -0.0038371083792299032, reward: 0.37230658531188965
2022-03-29 00:06:52 INFO     Epoch 339/400 Loss: -0.006161483004689217, reward: 0.37272462248802185
2022-03-29 00:07:55 INFO     Epoch 340/400 Loss: -0.005706820636987686, reward: 0.3748503625392914
2022-03-29 00:08:58 INFO     Epoch 341/400 Loss: -0.007516899146139622, reward: 0.37313807010650635
2022-03-29 00:10:13 INFO     Epoch 342/400 Loss: -0.004454400390386581, reward: 0.37247520685195923
2022-03-29 00:11:25 INFO     Epoch 343/400 Loss: -0.005083814263343811, reward: 0.37384483218193054
2022-03-29 00:12:31 INFO     Epoch 344/400 Loss: -0.008259478025138378, reward: 0.3741365671157837
2022-03-29 00:13:38 INFO     Epoch 345/400 Loss: -0.004980931058526039, reward: 0.37547075748443604
2022-03-29 00:14:41 INFO     Epoch 346/400 Loss: -0.006359537597745657, reward: 0.37458211183547974
2022-03-29 00:15:45 INFO     Epoch 347/400 Loss: -0.008485867641866207, reward: 0.3733568787574768
2022-03-29 00:16:51 INFO     Epoch 348/400 Loss: -0.005790272261947393, reward: 0.37314510345458984
2022-03-29 00:17:54 INFO     Epoch 349/400 Loss: -0.007039015647023916, reward: 0.3732180893421173
2022-03-29 00:18:59 INFO     Epoch 350/400 Loss: -0.006452436558902264, reward: 0.3752606213092804
2022-03-29 00:20:03 INFO     Epoch 351/400 Loss: -0.0068563963286578655, reward: 0.37508416175842285
2022-03-29 00:21:05 INFO     Epoch 352/400 Loss: -0.008992671966552734, reward: 0.3755829632282257
2022-03-29 00:22:09 INFO     Epoch 353/400 Loss: -0.007838915102183819, reward: 0.37596970796585083
2022-03-29 00:23:14 INFO     Epoch 354/400 Loss: -0.007065685465931892, reward: 0.3753727972507477
2022-03-29 00:24:17 INFO     Epoch 355/400 Loss: -0.006860039662569761, reward: 0.3763156235218048
2022-03-29 00:25:20 INFO     Epoch 356/400 Loss: -0.0056878868490457535, reward: 0.37345725297927856
2022-03-29 00:26:25 INFO     Epoch 357/400 Loss: -0.006430082488805056, reward: 0.37322744727134705
2022-03-29 00:27:27 INFO     Epoch 358/400 Loss: -0.0041512963362038136, reward: 0.3737765848636627
2022-03-29 00:28:30 INFO     Epoch 359/400 Loss: -0.007833654060959816, reward: 0.3747185468673706
2022-03-29 00:29:34 INFO     Epoch 360/400 Loss: -0.008072174154222012, reward: 0.3768332898616791
2022-03-29 00:29:34 INFO     Save Model in logs
2022-03-29 00:29:34 INFO     Start Val......
2022-03-29 00:38:35 INFO     MRR at epoch 360: 0.4201973850708863
2022-03-29 00:38:35 INFO     HITS@1 at epoch 360: 0.3312956666425523
2022-03-29 00:38:35 INFO     HITS@3 at epoch 360: 0.4687839108731824
2022-03-29 00:38:35 INFO     HITS@10 at epoch 360: 0.5821818707950517
2022-03-29 00:39:33 INFO     Epoch 361/400 Loss: -0.006326964125037193, reward: 0.3759242594242096
2022-03-29 00:40:31 INFO     Epoch 362/400 Loss: -0.00617709057405591, reward: 0.3754064738750458
2022-03-29 00:41:28 INFO     Epoch 363/400 Loss: -0.009308312088251114, reward: 0.37498998641967773
2022-03-29 00:42:25 INFO     Epoch 364/400 Loss: -0.0072496733628213406, reward: 0.37436091899871826
2022-03-29 00:43:21 INFO     Epoch 365/400 Loss: -0.006843471433967352, reward: 0.3754347264766693
2022-03-29 00:44:17 INFO     Epoch 366/400 Loss: -0.00686308741569519, reward: 0.3758034110069275
2022-03-29 00:45:11 INFO     Epoch 367/400 Loss: -0.004307908471673727, reward: 0.37572339177131653
2022-03-29 00:46:03 INFO     Epoch 368/400 Loss: -0.005511072929948568, reward: 0.37569043040275574
2022-03-29 00:46:52 INFO     Epoch 369/400 Loss: -0.006459233351051807, reward: 0.3755742907524109
2022-03-29 00:47:41 INFO     Epoch 370/400 Loss: -0.005385613534599543, reward: 0.3748912215232849
2022-03-29 00:48:30 INFO     Epoch 371/400 Loss: -0.00743534229695797, reward: 0.37490999698638916
2022-03-29 00:49:20 INFO     Epoch 372/400 Loss: -0.0075515988282859325, reward: 0.3755868971347809
2022-03-29 00:50:09 INFO     Epoch 373/400 Loss: -0.006782554090023041, reward: 0.3755469024181366
2022-03-29 00:50:58 INFO     Epoch 374/400 Loss: -0.006799995433539152, reward: 0.37568649649620056
2022-03-29 00:51:48 INFO     Epoch 375/400 Loss: -0.006674773059785366, reward: 0.37535321712493896
2022-03-29 00:52:37 INFO     Epoch 376/400 Loss: -0.007635014597326517, reward: 0.3764347732067108
2022-03-29 00:53:26 INFO     Epoch 377/400 Loss: -0.01005647238343954, reward: 0.3767038881778717
2022-03-29 00:54:15 INFO     Epoch 378/400 Loss: -0.007629921194165945, reward: 0.3775753378868103
2022-03-29 00:55:04 INFO     Epoch 379/400 Loss: -0.003010967280715704, reward: 0.3744644224643707
2022-03-29 00:55:54 INFO     Epoch 380/400 Loss: -0.006715105846524239, reward: 0.3747907280921936
2022-03-29 00:56:43 INFO     Epoch 381/400 Loss: -0.0043891784735023975, reward: 0.3754849433898926
2022-03-29 00:57:31 INFO     Epoch 382/400 Loss: -0.0036382824182510376, reward: 0.3764936625957489
2022-03-29 00:58:20 INFO     Epoch 383/400 Loss: -0.004189816303551197, reward: 0.3767164349555969
2022-03-29 00:59:09 INFO     Epoch 384/400 Loss: -0.00577491195872426, reward: 0.3773902654647827
2022-03-29 00:59:59 INFO     Epoch 385/400 Loss: -0.006271481979638338, reward: 0.3752998411655426
2022-03-29 01:00:48 INFO     Epoch 386/400 Loss: -0.006243381183594465, reward: 0.3758426606655121
2022-03-29 01:01:37 INFO     Epoch 387/400 Loss: -0.006595870014280081, reward: 0.3771548867225647
2022-03-29 01:02:26 INFO     Epoch 388/400 Loss: -0.003500988706946373, reward: 0.3756316006183624
2022-03-29 01:03:16 INFO     Epoch 389/400 Loss: -0.004204437602311373, reward: 0.3745036721229553
2022-03-29 01:04:06 INFO     Epoch 390/400 Loss: -0.004967815708369017, reward: 0.3758755624294281
2022-03-29 01:04:06 INFO     Save Model in logs
2022-03-29 01:04:06 INFO     Start Val......
2022-03-29 01:10:21 INFO     MRR at epoch 390: 0.415677504784686
2022-03-29 01:10:21 INFO     HITS@1 at epoch 390: 0.32615929971786156
2022-03-29 01:10:21 INFO     HITS@3 at epoch 390: 0.4645156623019605
2022-03-29 01:10:21 INFO     HITS@10 at epoch 390: 0.5781668234102583
2022-03-29 01:11:10 INFO     Epoch 391/400 Loss: -0.005315846297889948, reward: 0.37726157903671265
2022-03-29 01:11:59 INFO     Epoch 392/400 Loss: -0.006093421019613743, reward: 0.3777565360069275
2022-03-29 01:12:48 INFO     Epoch 393/400 Loss: -0.006787396967411041, reward: 0.37764203548431396
2022-03-29 01:13:38 INFO     Epoch 394/400 Loss: -0.006666687782853842, reward: 0.37790632247924805
2022-03-29 01:14:27 INFO     Epoch 395/400 Loss: -0.0033693998120725155, reward: 0.37665289640426636
2022-03-29 01:15:16 INFO     Epoch 396/400 Loss: -0.004980090074241161, reward: 0.3747349977493286
2022-03-29 01:16:06 INFO     Epoch 397/400 Loss: -0.0022669360041618347, reward: 0.3762606680393219
2022-03-29 01:16:55 INFO     Epoch 398/400 Loss: -0.0035335556603968143, reward: 0.3774411678314209
2022-03-29 01:17:43 INFO     Epoch 399/400 Loss: -0.0042442758567631245, reward: 0.3769140839576721
2022-03-29 01:17:43 INFO     Save Model in logs
